<?xml version="1.0" encoding="UTF-8"?>
<!-- Generated by org.testng.reporters.JUnitReportReporter -->
<testsuite skipped="0" hostname="ATMECSINLT-184" name="com.atmecs.aspire.testscript.TestHomePage" tests="3" failures="0" timestamp="16 Apr 2021 07:17:05 GMT" time="9.435" errors="0">
  <testcase name="loginEmployee" time="0.315" classname="com.atmecs.aspire.testscript.TestHomePage"/>
  <testcase name="loginEmployee" time="0.162" classname="com.atmecs.aspire.testscript.TestHomePage"/>
  <testcase name="loginEmployee" time="8.958" classname="com.atmecs.aspire.testscript.TestHomePage"/>
</testsuite> <!-- com.atmecs.aspire.testscript.TestHomePage -->
