#set( $symbol_pound = '#' )
#set( $symbol_dollar = '$' )
#set( $symbol_escape = '\' )
<?xml version="1.0" encoding="UTF-8"?>
<!-- Generated by org.testng.reporters.JUnitReportReporter -->
<testsuite skipped="0" hostname="ATMECSINLT-184" name="${package}.testscript.TestHomePage" tests="9" failures="0" timestamp="15 Apr 2021 12:13:32 GMT" time="2.789" errors="0">
  <testcase name="validateHeader" time="0.260" classname="${package}.testscript.TestHomePage"/>
  <testcase name="validateHeader" time="0.214" classname="${package}.testscript.TestHomePage"/>
  <testcase name="validateHeader" time="0.282" classname="${package}.testscript.TestHomePage"/>
  <testcase name="validateHeader" time="0.197" classname="${package}.testscript.TestHomePage"/>
  <testcase name="validateHeader" time="0.595" classname="${package}.testscript.TestHomePage"/>
  <testcase name="validateHeader" time="0.325" classname="${package}.testscript.TestHomePage"/>
  <testcase name="validateHeader" time="0.209" classname="${package}.testscript.TestHomePage"/>
  <testcase name="validateHeader" time="0.366" classname="${package}.testscript.TestHomePage"/>
  <testcase name="validateHeader" time="0.341" classname="${package}.testscript.TestHomePage"/>
</testsuite> <!-- ${package}.testscript.TestHomePage -->
